[2023-04-10 00:01:47] local.ERROR: file_put_contents(C:\xampp\htdocs\SI4401_KELOMPOK222_SMAN13PANGKEP\SMAN13PANKEP_KELOMPOK222\storage\framework/sessions/VFNdsYQvgGWfRFpL4u0zHhOBCG7KUCYVmadilZQA): Failed to open stream: No such file or directory {"exception":"[object] (ErrorException(code: 0): file_put_contents(C:\\xampp\\htdocs\\SI4401_KELOMPOK222_SMAN13PANGKEP\\SMAN13PANKEP_KELOMPOK222\\storage\\framework/sessions/VFNdsYQvgGWfRFpL4u0zHhOBCG7KUCYVmadilZQA): Failed to open stream: No such file or directory at C:\\xampp\\htdocs\\SI4401_KELOMPOK222_SMAN13PANGKEP\\SMAN13PANKEP_KELOMPOK222\\vendor\\laravel\\framework\\src\\Illuminate\\Filesystem\\Filesystem.php:204)
[stacktrace]
#0 C:\\xampp\\htdocs\\SI4401_KELOMPOK222_SMAN13PANGKEP\\SMAN13PANKEP_KELOMPOK222\\vendor\\laravel\\framework\\src\\Illuminate\\Foundation\\Bootstrap\\HandleExceptions.php(250): Illuminate\\Foundation\\Bootstrap\\HandleExceptions->handleError(2, 'file_put_conten...', 'C:\\\\xampp\\\\htdocs...', 204)
#1 [internal function]: Illuminate\\Foundation\\Bootstrap\\HandleExceptions->Illuminate\\Foundation\\Bootstrap\\{closure}(2, 'file_put_conten...', 'C:\\\\xampp\\\\htdocs...', 204)
#2 C:\\xampp\\htdocs\\SI4401_KELOMPOK222_SMAN13PANGKEP\\SMAN13PANKEP_KELOMPOK222\\vendor\\laravel\\framework\\src\\Illuminate\\Filesystem\\Filesystem.php(204): file_put_contents('C:\\\\xampp\\\\htdocs...', 'a:4:{s:6:\"_toke...', 2)
#3 C:\\xampp\\htdocs\\SI4401_KELOMPOK222_SMAN13PANGKEP\\SMAN13PANKEP_KELOMPOK222\\vendor\\laravel\\framework\\src\\Illuminate\\Session\\FileSessionHandler.php(90): Illuminate\\Filesystem\\Filesystem->put('C:\\\\xampp\\\\htdocs...', 'a:4:{s:6:\"_toke...', true)
#4 C:\\xampp\\htdocs\\SI4401_KELOMPOK222_SMAN13PANGKEP\\SMAN13PANKEP_KELOMPOK222\\vendor\\laravel\\framework\\src\\Illuminate\\Session\\Store.php(173): Illuminate\\Session\\FileSessionHandler->write('VFNdsYQvgGWfRFp...', 'a:4:{s:6:\"_toke...')
#5 C:\\xampp\\htdocs\\SI4401_KELOMPOK222_SMAN13PANGKEP\\SMAN13PANKEP_KELOMPOK222\\vendor\\laravel\\framework\\src\\Illuminate\\Session\\Middleware\\StartSession.php(238): Illuminate\\Session\\Store->save()
#6 C:\\xampp\\htdocs\\SI4401_KELOMPOK222_SMAN13PANGKEP\\SMAN13PANKEP_KELOMPOK222\\vendor\\laravel\\framework\\src\\Illuminate\\Session\\Middleware\\StartSession.php(130): Illuminate\\Session\\Middleware\\StartSession->saveSession(Object(Illuminate\\Http\\Request))
#7 C:\\xampp\\htdocs\\SI4401_KELOMPOK222_SMAN13PANGKEP\\SMAN13PANKEP_KELOMPOK222\\vendor\\laravel\\framework\\src\\Illuminate\\Session\\Middleware\\StartSession.php(64): Illuminate\\Session\\Middleware\\StartSession->handleStatefulRequest(Object(Illuminate\\Http\\Request), Object(Illuminate\\Session\\Store), Object(Closure))
#8 C:\\xampp\\htdocs\\SI4401_KELOMPOK222_SMAN13PANGKEP\\SMAN13PANKEP_KELOMPOK222\\vendor\\laravel\\framework\\src\\Illuminate\\Pipeline\\Pipeline.php(180): Illuminate\\Session\\Middleware\\StartSession->handle(Object(Illuminate\\Http\\Request), Object(Closure))
#9 C:\\xampp\\htdocs\\SI4401_KELOMPOK222_SMAN13PANGKEP\\SMAN13PANKEP_KELOMPOK222\\vendor\\laravel\\framework\\src\\Illuminate\\Cookie\\Middleware\\AddQueuedCookiesToResponse.php(37): Illuminate\\Pipeline\\Pipeline->Illuminate\\Pipeline\\{closure}(Object(Illuminate\\Http\\Request))
#10 C:\\xampp\\htdocs\\SI4401_KELOMPOK222_SMAN13PANGKEP\\SMAN13PANKEP_KELOMPOK222\\vendor\\laravel\\framework\\src\\Illuminate\\Pipeline\\Pipeline.php(180): Illuminate\\Cookie\\Middleware\\AddQueuedCookiesToResponse->handle(Object(Illuminate\\Http\\Request), Object(Closure))
#11 C:\\xampp\\htdocs\\SI4401_KELOMPOK222_SMAN13PANGKEP\\SMAN13PANKEP_KELOMPOK222\\vendor\\laravel\\framework\\src\\Illuminate\\Cookie\\Middleware\\EncryptCookies.php(67): Illuminate\\Pipeline\\Pipeline->Illuminate\\Pipeline\\{closure}(Object(Illuminate\\Http\\Request))
#12 C:\\xampp\\htdocs\\SI4401_KELOMPOK222_SMAN13PANGKEP\\SMAN13PANKEP_KELOMPOK222\\vendor\\laravel\\framework\\src\\Illuminate\\Pipeline\\Pipeline.php(180): Illuminate\\Cookie\\Middleware\\EncryptCookies->handle(Object(Illuminate\\Http\\Request), Object(Closure))
#13 C:\\xampp\\htdocs\\SI4401_KELOMPOK222_SMAN13PANGKEP\\SMAN13PANKEP_KELOMPOK222\\vendor\\laravel\\framework\\src\\Illuminate\\Pipeline\\Pipeline.php(116): Illuminate\\Pipeline\\Pipeline->Illuminate\\Pipeline\\{closure}(Object(Illuminate\\Http\\Request))
#14 C:\\xampp\\htdocs\\SI4401_KELOMPOK222_SMAN13PANGKEP\\SMAN13PANKEP_KELOMPOK222\\vendor\\laravel\\framework\\src\\Illuminate\\Routing\\Router.php(799): Illuminate\\Pipeline\\Pipeline->then(Object(Closure))
#15 C:\\xampp\\htdocs\\SI4401_KELOMPOK222_SMAN13PANGKEP\\SMAN13PANKEP_KELOMPOK222\\vendor\\laravel\\framework\\src\\Illuminate\\Routing\\Router.php(776): Illuminate\\Routing\\Router->runRouteWithinStack(Object(Illuminate\\Routing\\Route), Object(Illuminate\\Http\\Request))
#16 C:\\xampp\\htdocs\\SI4401_KELOMPOK222_SMAN13PANGKEP\\SMAN13PANKEP_KELOMPOK222\\vendor\\laravel\\framework\\src\\Illuminate\\Routing\\Router.php(740): Illuminate\\Routing\\Router->runRoute(Object(Illuminate\\Http\\Request), Object(Illuminate\\Routing\\Route))
#17 C:\\xampp\\htdocs\\SI4401_KELOMPOK222_SMAN13PANGKEP\\SMAN13PANKEP_KELOMPOK222\\vendor\\laravel\\framework\\src\\Illuminate\\Routing\\Router.php(729): Illuminate\\Routing\\Router->dispatchToRoute(Object(Illuminate\\Http\\Request))
#18 C:\\xampp\\htdocs\\SI4401_KELOMPOK222_SMAN13PANGKEP\\SMAN13PANKEP_KELOMPOK222\\vendor\\laravel\\framework\\src\\Illuminate\\Foundation\\Http\\Kernel.php(200): Illuminate\\Routing\\Router->dispatch(Object(Illuminate\\Http\\Request))
#19 C:\\xampp\\htdocs\\SI4401_KELOMPOK222_SMAN13PANGKEP\\SMAN13PANKEP_KELOMPOK222\\vendor\\laravel\\framework\\src\\Illuminate\\Pipeline\\Pipeline.php(141): Illuminate\\Foundation\\Http\\Kernel->Illuminate\\Foundation\\Http\\{closure}(Object(Illuminate\\Http\\Request))
#20 C:\\xampp\\htdocs\\SI4401_KELOMPOK222_SMAN13PANGKEP\\SMAN13PANKEP_KELOMPOK222\\vendor\\laravel\\framework\\src\\Illuminate\\Foundation\\Http\\Middleware\\TransformsRequest.php(21): Illuminate\\Pipeline\\Pipeline->Illuminate\\Pipeline\\{closure}(Object(Illuminate\\Http\\Request))
#21 C:\\xampp\\htdocs\\SI4401_KELOMPOK222_SMAN13PANGKEP\\SMAN13PANKEP_KELOMPOK222\\vendor\\laravel\\framework\\src\\Illuminate\\Foundation\\Http\\Middleware\\ConvertEmptyStringsToNull.php(31): Illuminate\\Foundation\\Http\\Middleware\\TransformsRequest->handle(Object(Illuminate\\Http\\Request), Object(Closure))
#22 C:\\xampp\\htdocs\\SI4401_KELOMPOK222_SMAN13PANGKEP\\SMAN13PANKEP_KELOMPOK222\\vendor\\laravel\\framework\\src\\Illuminate\\Pipeline\\Pipeline.php(180): Illuminate\\Foundation\\Http\\Middleware\\ConvertEmptyStringsToNull->handle(Object(Illuminate\\Http\\Request), Object(Closure))
#23 C:\\xampp\\htdocs\\SI4401_KELOMPOK222_SMAN13PANGKEP\\SMAN13PANKEP_KELOMPOK222\\vendor\\laravel\\framework\\src\\Illuminate\\Foundation\\Http\\Middleware\\TransformsRequest.php(21): Illuminate\\Pipeline\\Pipeline->Illuminate\\Pipeline\\{closure}(Object(Illuminate\\Http\\Request))
#24 C:\\xampp\\htdocs\\SI4401_KELOMPOK222_SMAN13PANGKEP\\SMAN13PANKEP_KELOMPOK222\\vendor\\laravel\\framework\\src\\Illuminate\\Foundation\\Http\\Middleware\\TrimStrings.php(40): Illuminate\\Foundation\\Http\\Middleware\\TransformsRequest->handle(Object(Illuminate\\Http\\Request), Object(Closure))
#25 C:\\xampp\\htdocs\\SI4401_KELOMPOK222_SMAN13PANGKEP\\SMAN13PANKEP_KELOMPOK222\\vendor\\laravel\\framework\\src\\Illuminate\\Pipeline\\Pipeline.php(180): Illuminate\\Foundation\\Http\\Middleware\\TrimStrings->handle(Object(Illuminate\\Http\\Request), Object(Closure))
#26 C:\\xampp\\htdocs\\SI4401_KELOMPOK222_SMAN13PANGKEP\\SMAN13PANKEP_KELOMPOK222\\vendor\\laravel\\framework\\src\\Illuminate\\Foundation\\Http\\Middleware\\ValidatePostSize.php(27): Illuminate\\Pipeline\\Pipeline->Illuminate\\Pipeline\\{closure}(Object(Illuminate\\Http\\Request))
#27 C:\\xampp\\htdocs\\SI4401_KELOMPOK222_SMAN13PANGKEP\\SMAN13PANKEP_KELOMPOK222\\vendor\\laravel\\framework\\src\\Illuminate\\Pipeline\\Pipeline.php(180): Illuminate\\Foundation\\Http\\Middleware\\ValidatePostSize->handle(Object(Illuminate\\Http\\Request), Object(Closure))
#28 C:\\xampp\\htdocs\\SI4401_KELOMPOK222_SMAN13PANGKEP\\SMAN13PANKEP_KELOMPOK222\\vendor\\laravel\\framework\\src\\Illuminate\\Foundation\\Http\\Middleware\\PreventRequestsDuringMaintenance.php(86): Illuminate\\Pipeline\\Pipeline->Illuminate\\Pipeline\\{closure}(Object(Illuminate\\Http\\Request))
#29 C:\\xampp\\htdocs\\SI4401_KELOMPOK222_SMAN13PANGKEP\\SMAN13PANKEP_KELOMPOK222\\vendor\\laravel\\framework\\src\\Illuminate\\Pipeline\\Pipeline.php(180): Illuminate\\Foundation\\Http\\Middleware\\PreventRequestsDuringMaintenance->handle(Object(Illuminate\\Http\\Request), Object(Closure))
#30 C:\\xampp\\htdocs\\SI4401_KELOMPOK222_SMAN13PANGKEP\\SMAN13PANKEP_KELOMPOK222\\vendor\\laravel\\framework\\src\\Illuminate\\Http\\Middleware\\HandleCors.php(49): Illuminate\\Pipeline\\Pipeline->Illuminate\\Pipeline\\{closure}(Object(Illuminate\\Http\\Request))
#31 C:\\xampp\\htdocs\\SI4401_KELOMPOK222_SMAN13PANGKEP\\SMAN13PANKEP_KELOMPOK222\\vendor\\laravel\\framework\\src\\Illuminate\\Pipeline\\Pipeline.php(180): Illuminate\\Http\\Middleware\\HandleCors->handle(Object(Illuminate\\Http\\Request), Object(Closure))
#32 C:\\xampp\\htdocs\\SI4401_KELOMPOK222_SMAN13PANGKEP\\SMAN13PANKEP_KELOMPOK222\\vendor\\laravel\\framework\\src\\Illuminate\\Http\\Middleware\\TrustProxies.php(39): Illuminate\\Pipeline\\Pipeline->Illuminate\\Pipeline\\{closure}(Object(Illuminate\\Http\\Request))
#33 C:\\xampp\\htdocs\\SI4401_KELOMPOK222_SMAN13PANGKEP\\SMAN13PANKEP_KELOMPOK222\\vendor\\laravel\\framework\\src\\Illuminate\\Pipeline\\Pipeline.php(180): Illuminate\\Http\\Middleware\\TrustProxies->handle(Object(Illuminate\\Http\\Request), Object(Closure))
#34 C:\\xampp\\htdocs\\SI4401_KELOMPOK222_SMAN13PANGKEP\\SMAN13PANKEP_KELOMPOK222\\vendor\\laravel\\framework\\src\\Illuminate\\Pipeline\\Pipeline.php(116): Illuminate\\Pipeline\\Pipeline->Illuminate\\Pipeline\\{closure}(Object(Illuminate\\Http\\Request))
#35 C:\\xampp\\htdocs\\SI4401_KELOMPOK222_SMAN13PANGKEP\\SMAN13PANKEP_KELOMPOK222\\vendor\\laravel\\framework\\src\\Illuminate\\Foundation\\Http\\Kernel.php(175): Illuminate\\Pipeline\\Pipeline->then(Object(Closure))
#36 C:\\xampp\\htdocs\\SI4401_KELOMPOK222_SMAN13PANGKEP\\SMAN13PANKEP_KELOMPOK222\\vendor\\laravel\\framework\\src\\Illuminate\\Foundation\\Http\\Kernel.php(144): Illuminate\\Foundation\\Http\\Kernel->sendRequestThroughRouter(Object(Illuminate\\Http\\Request))
#37 C:\\xampp\\htdocs\\SI4401_KELOMPOK222_SMAN13PANGKEP\\SMAN13PANKEP_KELOMPOK222\\public\\index.php(52): Illuminate\\Foundation\\Http\\Kernel->handle(Object(Illuminate\\Http\\Request))
#38 C:\\xampp\\htdocs\\SI4401_KELOMPOK222_SMAN13PANGKEP\\SMAN13PANKEP_KELOMPOK222\\vendor\\laravel\\framework\\src\\Illuminate\\Foundation\\resources\\server.php(16): require_once('C:\\\\xampp\\\\htdocs...')
#39 {main}
"} 
[2023-04-10 00:03:28] local.ERROR: file_put_contents(C:\xampp\htdocs\SI4401_KELOMPOK222_SMAN13PANGKEP\SMAN13PANKEP_KELOMPOK222\storage\framework/sessions/VFNdsYQvgGWfRFpL4u0zHhOBCG7KUCYVmadilZQA): Failed to open stream: No such file or directory {"exception":"[object] (ErrorException(code: 0): file_put_contents(C:\\xampp\\htdocs\\SI4401_KELOMPOK222_SMAN13PANGKEP\\SMAN13PANKEP_KELOMPOK222\\storage\\framework/sessions/VFNdsYQvgGWfRFpL4u0zHhOBCG7KUCYVmadilZQA): Failed to open stream: No such file or directory at C:\\xampp\\htdocs\\SI4401_KELOMPOK222_SMAN13PANGKEP\\SMAN13PANKEP_KELOMPOK222\\vendor\\laravel\\framework\\src\\Illuminate\\Filesystem\\Filesystem.php:204)
[stacktrace]
#0 C:\\xampp\\htdocs\\SI4401_KELOMPOK222_SMAN13PANGKEP\\SMAN13PANKEP_KELOMPOK222\\vendor\\laravel\\framework\\src\\Illuminate\\Foundation\\Bootstrap\\HandleExceptions.php(250): Illuminate\\Foundation\\Bootstrap\\HandleExceptions->handleError(2, 'file_put_conten...', 'C:\\\\xampp\\\\htdocs...', 204)
#1 [internal function]: Illuminate\\Foundation\\Bootstrap\\HandleExceptions->Illuminate\\Foundation\\Bootstrap\\{closure}(2, 'file_put_conten...', 'C:\\\\xampp\\\\htdocs...', 204)
#2 C:\\xampp\\htdocs\\SI4401_KELOMPOK222_SMAN13PANGKEP\\SMAN13PANKEP_KELOMPOK222\\vendor\\laravel\\framework\\src\\Illuminate\\Filesystem\\Filesystem.php(204): file_put_contents('C:\\\\xampp\\\\htdocs...', 'a:4:{s:6:\"_toke...', 2)
#3 C:\\xampp\\htdocs\\SI4401_KELOMPOK222_SMAN13PANGKEP\\SMAN13PANKEP_KELOMPOK222\\vendor\\laravel\\framework\\src\\Illuminate\\Session\\FileSessionHandler.php(90): Illuminate\\Filesystem\\Filesystem->put('C:\\\\xampp\\\\htdocs...', 'a:4:{s:6:\"_toke...', true)
#4 C:\\xampp\\htdocs\\SI4401_KELOMPOK222_SMAN13PANGKEP\\SMAN13PANKEP_KELOMPOK222\\vendor\\laravel\\framework\\src\\Illuminate\\Session\\Store.php(173): Illuminate\\Session\\FileSessionHandler->write('VFNdsYQvgGWfRFp...', 'a:4:{s:6:\"_toke...')
#5 C:\\xampp\\htdocs\\SI4401_KELOMPOK222_SMAN13PANGKEP\\SMAN13PANKEP_KELOMPOK222\\vendor\\laravel\\framework\\src\\Illuminate\\Session\\Middleware\\StartSession.php(238): Illuminate\\Session\\Store->save()
#6 C:\\xampp\\htdocs\\SI4401_KELOMPOK222_SMAN13PANGKEP\\SMAN13PANKEP_KELOMPOK222\\vendor\\laravel\\framework\\src\\Illuminate\\Session\\Middleware\\StartSession.php(130): Illuminate\\Session\\Middleware\\StartSession->saveSession(Object(Illuminate\\Http\\Request))
#7 C:\\xampp\\htdocs\\SI4401_KELOMPOK222_SMAN13PANGKEP\\SMAN13PANKEP_KELOMPOK222\\vendor\\laravel\\framework\\src\\Illuminate\\Session\\Middleware\\StartSession.php(64): Illuminate\\Session\\Middleware\\StartSession->handleStatefulRequest(Object(Illuminate\\Http\\Request), Object(Illuminate\\Session\\Store), Object(Closure))
#8 C:\\xampp\\htdocs\\SI4401_KELOMPOK222_SMAN13PANGKEP\\SMAN13PANKEP_KELOMPOK222\\vendor\\laravel\\framework\\src\\Illuminate\\Pipeline\\Pipeline.php(180): Illuminate\\Session\\Middleware\\StartSession->handle(Object(Illuminate\\Http\\Request), Object(Closure))
#9 C:\\xampp\\htdocs\\SI4401_KELOMPOK222_SMAN13PANGKEP\\SMAN13PANKEP_KELOMPOK222\\vendor\\laravel\\framework\\src\\Illuminate\\Cookie\\Middleware\\AddQueuedCookiesToResponse.php(37): Illuminate\\Pipeline\\Pipeline->Illuminate\\Pipeline\\{closure}(Object(Illuminate\\Http\\Request))
#10 C:\\xampp\\htdocs\\SI4401_KELOMPOK222_SMAN13PANGKEP\\SMAN13PANKEP_KELOMPOK222\\vendor\\laravel\\framework\\src\\Illuminate\\Pipeline\\Pipeline.php(180): Illuminate\\Cookie\\Middleware\\AddQueuedCookiesToResponse->handle(Object(Illuminate\\Http\\Request), Object(Closure))
#11 C:\\xampp\\htdocs\\SI4401_KELOMPOK222_SMAN13PANGKEP\\SMAN13PANKEP_KELOMPOK222\\vendor\\laravel\\framework\\src\\Illuminate\\Cookie\\Middleware\\EncryptCookies.php(67): Illuminate\\Pipeline\\Pipeline->Illuminate\\Pipeline\\{closure}(Object(Illuminate\\Http\\Request))
#12 C:\\xampp\\htdocs\\SI4401_KELOMPOK222_SMAN13PANGKEP\\SMAN13PANKEP_KELOMPOK222\\vendor\\laravel\\framework\\src\\Illuminate\\Pipeline\\Pipeline.php(180): Illuminate\\Cookie\\Middleware\\EncryptCookies->handle(Object(Illuminate\\Http\\Request), Object(Closure))
#13 C:\\xampp\\htdocs\\SI4401_KELOMPOK222_SMAN13PANGKEP\\SMAN13PANKEP_KELOMPOK222\\vendor\\laravel\\framework\\src\\Illuminate\\Pipeline\\Pipeline.php(116): Illuminate\\Pipeline\\Pipeline->Illuminate\\Pipeline\\{closure}(Object(Illuminate\\Http\\Request))
#14 C:\\xampp\\htdocs\\SI4401_KELOMPOK222_SMAN13PANGKEP\\SMAN13PANKEP_KELOMPOK222\\vendor\\laravel\\framework\\src\\Illuminate\\Routing\\Router.php(799): Illuminate\\Pipeline\\Pipeline->then(Object(Closure))
#15 C:\\xampp\\htdocs\\SI4401_KELOMPOK222_SMAN13PANGKEP\\SMAN13PANKEP_KELOMPOK222\\vendor\\laravel\\framework\\src\\Illuminate\\Routing\\Router.php(776): Illuminate\\Routing\\Router->runRouteWithinStack(Object(Illuminate\\Routing\\Route), Object(Illuminate\\Http\\Request))
#16 C:\\xampp\\htdocs\\SI4401_KELOMPOK222_SMAN13PANGKEP\\SMAN13PANKEP_KELOMPOK222\\vendor\\laravel\\framework\\src\\Illuminate\\Routing\\Router.php(740): Illuminate\\Routing\\Router->runRoute(Object(Illuminate\\Http\\Request), Object(Illuminate\\Routing\\Route))
#17 C:\\xampp\\htdocs\\SI4401_KELOMPOK222_SMAN13PANGKEP\\SMAN13PANKEP_KELOMPOK222\\vendor\\laravel\\framework\\src\\Illuminate\\Routing\\Router.php(729): Illuminate\\Routing\\Router->dispatchToRoute(Object(Illuminate\\Http\\Request))
#18 C:\\xampp\\htdocs\\SI4401_KELOMPOK222_SMAN13PANGKEP\\SMAN13PANKEP_KELOMPOK222\\vendor\\laravel\\framework\\src\\Illuminate\\Foundation\\Http\\Kernel.php(200): Illuminate\\Routing\\Router->dispatch(Object(Illuminate\\Http\\Request))
#19 C:\\xampp\\htdocs\\SI4401_KELOMPOK222_SMAN13PANGKEP\\SMAN13PANKEP_KELOMPOK222\\vendor\\laravel\\framework\\src\\Illuminate\\Pipeline\\Pipeline.php(141): Illuminate\\Foundation\\Http\\Kernel->Illuminate\\Foundation\\Http\\{closure}(Object(Illuminate\\Http\\Request))
#20 C:\\xampp\\htdocs\\SI4401_KELOMPOK222_SMAN13PANGKEP\\SMAN13PANKEP_KELOMPOK222\\vendor\\laravel\\framework\\src\\Illuminate\\Foundation\\Http\\Middleware\\TransformsRequest.php(21): Illuminate\\Pipeline\\Pipeline->Illuminate\\Pipeline\\{closure}(Object(Illuminate\\Http\\Request))
#21 C:\\xampp\\htdocs\\SI4401_KELOMPOK222_SMAN13PANGKEP\\SMAN13PANKEP_KELOMPOK222\\vendor\\laravel\\framework\\src\\Illuminate\\Foundation\\Http\\Middleware\\ConvertEmptyStringsToNull.php(31): Illuminate\\Foundation\\Http\\Middleware\\TransformsRequest->handle(Object(Illuminate\\Http\\Request), Object(Closure))
#22 C:\\xampp\\htdocs\\SI4401_KELOMPOK222_SMAN13PANGKEP\\SMAN13PANKEP_KELOMPOK222\\vendor\\laravel\\framework\\src\\Illuminate\\Pipeline\\Pipeline.php(180): Illuminate\\Foundation\\Http\\Middleware\\ConvertEmptyStringsToNull->handle(Object(Illuminate\\Http\\Request), Object(Closure))
#23 C:\\xampp\\htdocs\\SI4401_KELOMPOK222_SMAN13PANGKEP\\SMAN13PANKEP_KELOMPOK222\\vendor\\laravel\\framework\\src\\Illuminate\\Foundation\\Http\\Middleware\\TransformsRequest.php(21): Illuminate\\Pipeline\\Pipeline->Illuminate\\Pipeline\\{closure}(Object(Illuminate\\Http\\Request))
#24 C:\\xampp\\htdocs\\SI4401_KELOMPOK222_SMAN13PANGKEP\\SMAN13PANKEP_KELOMPOK222\\vendor\\laravel\\framework\\src\\Illuminate\\Foundation\\Http\\Middleware\\TrimStrings.php(40): Illuminate\\Foundation\\Http\\Middleware\\TransformsRequest->handle(Object(Illuminate\\Http\\Request), Object(Closure))
#25 C:\\xampp\\htdocs\\SI4401_KELOMPOK222_SMAN13PANGKEP\\SMAN13PANKEP_KELOMPOK222\\vendor\\laravel\\framework\\src\\Illuminate\\Pipeline\\Pipeline.php(180): Illuminate\\Foundation\\Http\\Middleware\\TrimStrings->handle(Object(Illuminate\\Http\\Request), Object(Closure))
#26 C:\\xampp\\htdocs\\SI4401_KELOMPOK222_SMAN13PANGKEP\\SMAN13PANKEP_KELOMPOK222\\vendor\\laravel\\framework\\src\\Illuminate\\Foundation\\Http\\Middleware\\ValidatePostSize.php(27): Illuminate\\Pipeline\\Pipeline->Illuminate\\Pipeline\\{closure}(Object(Illuminate\\Http\\Request))
#27 C:\\xampp\\htdocs\\SI4401_KELOMPOK222_SMAN13PANGKEP\\SMAN13PANKEP_KELOMPOK222\\vendor\\laravel\\framework\\src\\Illuminate\\Pipeline\\Pipeline.php(180): Illuminate\\Foundation\\Http\\Middleware\\ValidatePostSize->handle(Object(Illuminate\\Http\\Request), Object(Closure))
#28 C:\\xampp\\htdocs\\SI4401_KELOMPOK222_SMAN13PANGKEP\\SMAN13PANKEP_KELOMPOK222\\vendor\\laravel\\framework\\src\\Illuminate\\Foundation\\Http\\Middleware\\PreventRequestsDuringMaintenance.php(86): Illuminate\\Pipeline\\Pipeline->Illuminate\\Pipeline\\{closure}(Object(Illuminate\\Http\\Request))
#29 C:\\xampp\\htdocs\\SI4401_KELOMPOK222_SMAN13PANGKEP\\SMAN13PANKEP_KELOMPOK222\\vendor\\laravel\\framework\\src\\Illuminate\\Pipeline\\Pipeline.php(180): Illuminate\\Foundation\\Http\\Middleware\\PreventRequestsDuringMaintenance->handle(Object(Illuminate\\Http\\Request), Object(Closure))
#30 C:\\xampp\\htdocs\\SI4401_KELOMPOK222_SMAN13PANGKEP\\SMAN13PANKEP_KELOMPOK222\\vendor\\laravel\\framework\\src\\Illuminate\\Http\\Middleware\\HandleCors.php(49): Illuminate\\Pipeline\\Pipeline->Illuminate\\Pipeline\\{closure}(Object(Illuminate\\Http\\Request))
#31 C:\\xampp\\htdocs\\SI4401_KELOMPOK222_SMAN13PANGKEP\\SMAN13PANKEP_KELOMPOK222\\vendor\\laravel\\framework\\src\\Illuminate\\Pipeline\\Pipeline.php(180): Illuminate\\Http\\Middleware\\HandleCors->handle(Object(Illuminate\\Http\\Request), Object(Closure))
#32 C:\\xampp\\htdocs\\SI4401_KELOMPOK222_SMAN13PANGKEP\\SMAN13PANKEP_KELOMPOK222\\vendor\\laravel\\framework\\src\\Illuminate\\Http\\Middleware\\TrustProxies.php(39): Illuminate\\Pipeline\\Pipeline->Illuminate\\Pipeline\\{closure}(Object(Illuminate\\Http\\Request))
#33 C:\\xampp\\htdocs\\SI4401_KELOMPOK222_SMAN13PANGKEP\\SMAN13PANKEP_KELOMPOK222\\vendor\\laravel\\framework\\src\\Illuminate\\Pipeline\\Pipeline.php(180): Illuminate\\Http\\Middleware\\TrustProxies->handle(Object(Illuminate\\Http\\Request), Object(Closure))
#34 C:\\xampp\\htdocs\\SI4401_KELOMPOK222_SMAN13PANGKEP\\SMAN13PANKEP_KELOMPOK222\\vendor\\laravel\\framework\\src\\Illuminate\\Pipeline\\Pipeline.php(116): Illuminate\\Pipeline\\Pipeline->Illuminate\\Pipeline\\{closure}(Object(Illuminate\\Http\\Request))
#35 C:\\xampp\\htdocs\\SI4401_KELOMPOK222_SMAN13PANGKEP\\SMAN13PANKEP_KELOMPOK222\\vendor\\laravel\\framework\\src\\Illuminate\\Foundation\\Http\\Kernel.php(175): Illuminate\\Pipeline\\Pipeline->then(Object(Closure))
#36 C:\\xampp\\htdocs\\SI4401_KELOMPOK222_SMAN13PANGKEP\\SMAN13PANKEP_KELOMPOK222\\vendor\\laravel\\framework\\src\\Illuminate\\Foundation\\Http\\Kernel.php(144): Illuminate\\Foundation\\Http\\Kernel->sendRequestThroughRouter(Object(Illuminate\\Http\\Request))
#37 C:\\xampp\\htdocs\\SI4401_KELOMPOK222_SMAN13PANGKEP\\SMAN13PANKEP_KELOMPOK222\\public\\index.php(52): Illuminate\\Foundation\\Http\\Kernel->handle(Object(Illuminate\\Http\\Request))
#38 C:\\xampp\\htdocs\\SI4401_KELOMPOK222_SMAN13PANGKEP\\SMAN13PANKEP_KELOMPOK222\\vendor\\laravel\\framework\\src\\Illuminate\\Foundation\\resources\\server.php(16): require_once('C:\\\\xampp\\\\htdocs...')
#39 {main}
"} 
[2023-04-10 10:13:48] local.ERROR: Method App\Http\Controllers\PembayaranSiswaController::download does not exist. {"userId":14,"exception":"[object] (BadMethodCallException(code: 0): Method App\\Http\\Controllers\\PembayaranSiswaController::download does not exist. at C:\\xampp\\htdocs\\SI4401_KELOMPOK222_SMAN13PANGKEP\\SMAN13PANKEP_KELOMPOK222\\vendor\\laravel\\framework\\src\\Illuminate\\Routing\\Controller.php:68)
[stacktrace]
#0 C:\\xampp\\htdocs\\SI4401_KELOMPOK222_SMAN13PANGKEP\\SMAN13PANKEP_KELOMPOK222\\vendor\\laravel\\framework\\src\\Illuminate\\Routing\\Controller.php(54): Illuminate\\Routing\\Controller->__call('download', Array)
#1 C:\\xampp\\htdocs\\SI4401_KELOMPOK222_SMAN13PANGKEP\\SMAN13PANKEP_KELOMPOK222\\vendor\\laravel\\framework\\src\\Illuminate\\Routing\\ControllerDispatcher.php(43): Illuminate\\Routing\\Controller->callAction('download', Array)
#2 C:\\xampp\\htdocs\\SI4401_KELOMPOK222_SMAN13PANGKEP\\SMAN13PANKEP_KELOMPOK222\\vendor\\laravel\\framework\\src\\Illuminate\\Routing\\Route.php(260): Illuminate\\Routing\\ControllerDispatcher->dispatch(Object(Illuminate\\Routing\\Route), Object(App\\Http\\Controllers\\PembayaranSiswaController), 'download')
#3 C:\\xampp\\htdocs\\SI4401_KELOMPOK222_SMAN13PANGKEP\\SMAN13PANKEP_KELOMPOK222\\vendor\\laravel\\framework\\src\\Illuminate\\Routing\\Route.php(205): Illuminate\\Routing\\Route->runController()
#4 C:\\xampp\\htdocs\\SI4401_KELOMPOK222_SMAN13PANGKEP\\SMAN13PANKEP_KELOMPOK222\\vendor\\laravel\\framework\\src\\Illuminate\\Routing\\Router.php(798): Illuminate\\Routing\\Route->run()
#5 C:\\xampp\\htdocs\\SI4401_KELOMPOK222_SMAN13PANGKEP\\SMAN13PANKEP_KELOMPOK222\\vendor\\laravel\\framework\\src\\Illuminate\\Pipeline\\Pipeline.php(141): Illuminate\\Routing\\Router->Illuminate\\Routing\\{closure}(Object(Illuminate\\Http\\Request))
#6 C:\\xampp\\htdocs\\SI4401_KELOMPOK222_SMAN13PANGKEP\\SMAN13PANKEP_KELOMPOK222\\app\\Http\\Middleware\\IsBendaharawan.php(21): Illuminate\\Pipeline\\Pipeline->Illuminate\\Pipeline\\{closure}(Object(Illuminate\\Http\\Request))
#7 C:\\xampp\\htdocs\\SI4401_KELOMPOK222_SMAN13PANGKEP\\SMAN13PANKEP_KELOMPOK222\\vendor\\laravel\\framework\\src\\Illuminate\\Pipeline\\Pipeline.php(180): App\\Http\\Middleware\\IsBendaharawan->handle(Object(Illuminate\\Http\\Request), Object(Closure))
#8 C:\\xampp\\htdocs\\SI4401_KELOMPOK222_SMAN13PANGKEP\\SMAN13PANKEP_KELOMPOK222\\vendor\\laravel\\framework\\src\\Illuminate\\Routing\\Middleware\\SubstituteBindings.php(50): Illuminate\\Pipeline\\Pipeline->Illuminate\\Pipeline\\{closure}(Object(Illuminate\\Http\\Request))
#9 C:\\xampp\\htdocs\\SI4401_KELOMPOK222_SMAN13PANGKEP\\SMAN13PANKEP_KELOMPOK222\\vendor\\laravel\\framework\\src\\Illuminate\\Pipeline\\Pipeline.php(180): Illuminate\\Routing\\Middleware\\SubstituteBindings->handle(Object(Illuminate\\Http\\Request), Object(Closure))
#10 C:\\xampp\\htdocs\\SI4401_KELOMPOK222_SMAN13PANGKEP\\SMAN13PANKEP_KELOMPOK222\\vendor\\laravel\\framework\\src\\Illuminate\\Auth\\Middleware\\Authenticate.php(45): Illuminate\\Pipeline\\Pipeline->Illuminate\\Pipeline\\{closure}(Object(Illuminate\\Http\\Request))
#11 C:\\xampp\\htdocs\\SI4401_KELOMPOK222_SMAN13PANGKEP\\SMAN13PANKEP_KELOMPOK222\\vendor\\laravel\\framework\\src\\Illuminate\\Pipeline\\Pipeline.php(180): Illuminate\\Auth\\Middleware\\Authenticate->handle(Object(Illuminate\\Http\\Request), Object(Closure))
#12 C:\\xampp\\htdocs\\SI4401_KELOMPOK222_SMAN13PANGKEP\\SMAN13PANKEP_KELOMPOK222\\vendor\\laravel\\framework\\src\\Illuminate\\Foundation\\Http\\Middleware\\VerifyCsrfToken.php(78): Illuminate\\Pipeline\\Pipeline->Illuminate\\Pipeline\\{closure}(Object(Illuminate\\Http\\Request))
#13 C:\\xampp\\htdocs\\SI4401_KELOMPOK222_SMAN13PANGKEP\\SMAN13PANKEP_KELOMPOK222\\vendor\\laravel\\framework\\src\\Illuminate\\Pipeline\\Pipeline.php(180): Illuminate\\Foundation\\Http\\Middleware\\VerifyCsrfToken->handle(Object(Illuminate\\Http\\Request), Object(Closure))
#14 C:\\xampp\\htdocs\\SI4401_KELOMPOK222_SMAN13PANGKEP\\SMAN13PANKEP_KELOMPOK222\\vendor\\laravel\\framework\\src\\Illuminate\\View\\Middleware\\ShareErrorsFromSession.php(49): Illuminate\\Pipeline\\Pipeline->Illuminate\\Pipeline\\{closure}(Object(Illuminate\\Http\\Request))
#15 C:\\xampp\\htdocs\\SI4401_KELOMPOK222_SMAN13PANGKEP\\SMAN13PANKEP_KELOMPOK222\\vendor\\laravel\\framework\\src\\Illuminate\\Pipeline\\Pipeline.php(180): Illuminate\\View\\Middleware\\ShareErrorsFromSession->handle(Object(Illuminate\\Http\\Request), Object(Closure))
#16 C:\\xampp\\htdocs\\SI4401_KELOMPOK222_SMAN13PANGKEP\\SMAN13PANKEP_KELOMPOK222\\vendor\\laravel\\framework\\src\\Illuminate\\Session\\Middleware\\StartSession.php(121): Illuminate\\Pipeline\\Pipeline->Illuminate\\Pipeline\\{closure}(Object(Illuminate\\Http\\Request))
#17 C:\\xampp\\htdocs\\SI4401_KELOMPOK222_SMAN13PANGKEP\\SMAN13PANKEP_KELOMPOK222\\vendor\\laravel\\framework\\src\\Illuminate\\Session\\Middleware\\StartSession.php(64): Illuminate\\Session\\Middleware\\StartSession->handleStatefulRequest(Object(Illuminate\\Http\\Request), Object(Illuminate\\Session\\Store), Object(Closure))
#18 C:\\xampp\\htdocs\\SI4401_KELOMPOK222_SMAN13PANGKEP\\SMAN13PANKEP_KELOMPOK222\\vendor\\laravel\\framework\\src\\Illuminate\\Pipeline\\Pipeline.php(180): Illuminate\\Session\\Middleware\\StartSession->handle(Object(Illuminate\\Http\\Request), Object(Closure))
#19 C:\\xampp\\htdocs\\SI4401_KELOMPOK222_SMAN13PANGKEP\\SMAN13PANKEP_KELOMPOK222\\vendor\\laravel\\framework\\src\\Illuminate\\Cookie\\Middleware\\AddQueuedCookiesToResponse.php(37): Illuminate\\Pipeline\\Pipeline->Illuminate\\Pipeline\\{closure}(Object(Illuminate\\Http\\Request))
#20 C:\\xampp\\htdocs\\SI4401_KELOMPOK222_SMAN13PANGKEP\\SMAN13PANKEP_KELOMPOK222\\vendor\\laravel\\framework\\src\\Illuminate\\Pipeline\\Pipeline.php(180): Illuminate\\Cookie\\Middleware\\AddQueuedCookiesToResponse->handle(Object(Illuminate\\Http\\Request), Object(Closure))
#21 C:\\xampp\\htdocs\\SI4401_KELOMPOK222_SMAN13PANGKEP\\SMAN13PANKEP_KELOMPOK222\\vendor\\laravel\\framework\\src\\Illuminate\\Cookie\\Middleware\\EncryptCookies.php(67): Illuminate\\Pipeline\\Pipeline->Illuminate\\Pipeline\\{closure}(Object(Illuminate\\Http\\Request))
#22 C:\\xampp\\htdocs\\SI4401_KELOMPOK222_SMAN13PANGKEP\\SMAN13PANKEP_KELOMPOK222\\vendor\\laravel\\framework\\src\\Illuminate\\Pipeline\\Pipeline.php(180): Illuminate\\Cookie\\Middleware\\EncryptCookies->handle(Object(Illuminate\\Http\\Request), Object(Closure))
#23 C:\\xampp\\htdocs\\SI4401_KELOMPOK222_SMAN13PANGKEP\\SMAN13PANKEP_KELOMPOK222\\vendor\\laravel\\framework\\src\\Illuminate\\Pipeline\\Pipeline.php(116): Illuminate\\Pipeline\\Pipeline->Illuminate\\Pipeline\\{closure}(Object(Illuminate\\Http\\Request))
#24 C:\\xampp\\htdocs\\SI4401_KELOMPOK222_SMAN13PANGKEP\\SMAN13PANKEP_KELOMPOK222\\vendor\\laravel\\framework\\src\\Illuminate\\Routing\\Router.php(799): Illuminate\\Pipeline\\Pipeline->then(Object(Closure))
#25 C:\\xampp\\htdocs\\SI4401_KELOMPOK222_SMAN13PANGKEP\\SMAN13PANKEP_KELOMPOK222\\vendor\\laravel\\framework\\src\\Illuminate\\Routing\\Router.php(776): Illuminate\\Routing\\Router->runRouteWithinStack(Object(Illuminate\\Routing\\Route), Object(Illuminate\\Http\\Request))
#26 C:\\xampp\\htdocs\\SI4401_KELOMPOK222_SMAN13PANGKEP\\SMAN13PANKEP_KELOMPOK222\\vendor\\laravel\\framework\\src\\Illuminate\\Routing\\Router.php(740): Illuminate\\Routing\\Router->runRoute(Object(Illuminate\\Http\\Request), Object(Illuminate\\Routing\\Route))
#27 C:\\xampp\\htdocs\\SI4401_KELOMPOK222_SMAN13PANGKEP\\SMAN13PANKEP_KELOMPOK222\\vendor\\laravel\\framework\\src\\Illuminate\\Routing\\Router.php(729): Illuminate\\Routing\\Router->dispatchToRoute(Object(Illuminate\\Http\\Request))
#28 C:\\xampp\\htdocs\\SI4401_KELOMPOK222_SMAN13PANGKEP\\SMAN13PANKEP_KELOMPOK222\\vendor\\laravel\\framework\\src\\Illuminate\\Foundation\\Http\\Kernel.php(200): Illuminate\\Routing\\Router->dispatch(Object(Illuminate\\Http\\Request))
#29 C:\\xampp\\htdocs\\SI4401_KELOMPOK222_SMAN13PANGKEP\\SMAN13PANKEP_KELOMPOK222\\vendor\\laravel\\framework\\src\\Illuminate\\Pipeline\\Pipeline.php(141): Illuminate\\Foundation\\Http\\Kernel->Illuminate\\Foundation\\Http\\{closure}(Object(Illuminate\\Http\\Request))
#30 C:\\xampp\\htdocs\\SI4401_KELOMPOK222_SMAN13PANGKEP\\SMAN13PANKEP_KELOMPOK222\\vendor\\laravel\\framework\\src\\Illuminate\\Foundation\\Http\\Middleware\\TransformsRequest.php(21): Illuminate\\Pipeline\\Pipeline->Illuminate\\Pipeline\\{closure}(Object(Illuminate\\Http\\Request))
#31 C:\\xampp\\htdocs\\SI4401_KELOMPOK222_SMAN13PANGKEP\\SMAN13PANKEP_KELOMPOK222\\vendor\\laravel\\framework\\src\\Illuminate\\Foundation\\Http\\Middleware\\ConvertEmptyStringsToNull.php(31): Illuminate\\Foundation\\Http\\Middleware\\TransformsRequest->handle(Object(Illuminate\\Http\\Request), Object(Closure))
#32 C:\\xampp\\htdocs\\SI4401_KELOMPOK222_SMAN13PANGKEP\\SMAN13PANKEP_KELOMPOK222\\vendor\\laravel\\framework\\src\\Illuminate\\Pipeline\\Pipeline.php(180): Illuminate\\Foundation\\Http\\Middleware\\ConvertEmptyStringsToNull->handle(Object(Illuminate\\Http\\Request), Object(Closure))
#33 C:\\xampp\\htdocs\\SI4401_KELOMPOK222_SMAN13PANGKEP\\SMAN13PANKEP_KELOMPOK222\\vendor\\laravel\\framework\\src\\Illuminate\\Foundation\\Http\\Middleware\\TransformsRequest.php(21): Illuminate\\Pipeline\\Pipeline->Illuminate\\Pipeline\\{closure}(Object(Illuminate\\Http\\Request))
#34 C:\\xampp\\htdocs\\SI4401_KELOMPOK222_SMAN13PANGKEP\\SMAN13PANKEP_KELOMPOK222\\vendor\\laravel\\framework\\src\\Illuminate\\Foundation\\Http\\Middleware\\TrimStrings.php(40): Illuminate\\Foundation\\Http\\Middleware\\TransformsRequest->handle(Object(Illuminate\\Http\\Request), Object(Closure))
#35 C:\\xampp\\htdocs\\SI4401_KELOMPOK222_SMAN13PANGKEP\\SMAN13PANKEP_KELOMPOK222\\vendor\\laravel\\framework\\src\\Illuminate\\Pipeline\\Pipeline.php(180): Illuminate\\Foundation\\Http\\Middleware\\TrimStrings->handle(Object(Illuminate\\Http\\Request), Object(Closure))
#36 C:\\xampp\\htdocs\\SI4401_KELOMPOK222_SMAN13PANGKEP\\SMAN13PANKEP_KELOMPOK222\\vendor\\laravel\\framework\\src\\Illuminate\\Foundation\\Http\\Middleware\\ValidatePostSize.php(27): Illuminate\\Pipeline\\Pipeline->Illuminate\\Pipeline\\{closure}(Object(Illuminate\\Http\\Request))
#37 C:\\xampp\\htdocs\\SI4401_KELOMPOK222_SMAN13PANGKEP\\SMAN13PANKEP_KELOMPOK222\\vendor\\laravel\\framework\\src\\Illuminate\\Pipeline\\Pipeline.php(180): Illuminate\\Foundation\\Http\\Middleware\\ValidatePostSize->handle(Object(Illuminate\\Http\\Request), Object(Closure))
#38 C:\\xampp\\htdocs\\SI4401_KELOMPOK222_SMAN13PANGKEP\\SMAN13PANKEP_KELOMPOK222\\vendor\\laravel\\framework\\src\\Illuminate\\Foundation\\Http\\Middleware\\PreventRequestsDuringMaintenance.php(86): Illuminate\\Pipeline\\Pipeline->Illuminate\\Pipeline\\{closure}(Object(Illuminate\\Http\\Request))
#39 C:\\xampp\\htdocs\\SI4401_KELOMPOK222_SMAN13PANGKEP\\SMAN13PANKEP_KELOMPOK222\\vendor\\laravel\\framework\\src\\Illuminate\\Pipeline\\Pipeline.php(180): Illuminate\\Foundation\\Http\\Middleware\\PreventRequestsDuringMaintenance->handle(Object(Illuminate\\Http\\Request), Object(Closure))
#40 C:\\xampp\\htdocs\\SI4401_KELOMPOK222_SMAN13PANGKEP\\SMAN13PANKEP_KELOMPOK222\\vendor\\laravel\\framework\\src\\Illuminate\\Http\\Middleware\\HandleCors.php(49): Illuminate\\Pipeline\\Pipeline->Illuminate\\Pipeline\\{closure}(Object(Illuminate\\Http\\Request))
#41 C:\\xampp\\htdocs\\SI4401_KELOMPOK222_SMAN13PANGKEP\\SMAN13PANKEP_KELOMPOK222\\vendor\\laravel\\framework\\src\\Illuminate\\Pipeline\\Pipeline.php(180): Illuminate\\Http\\Middleware\\HandleCors->handle(Object(Illuminate\\Http\\Request), Object(Closure))
#42 C:\\xampp\\htdocs\\SI4401_KELOMPOK222_SMAN13PANGKEP\\SMAN13PANKEP_KELOMPOK222\\vendor\\laravel\\framework\\src\\Illuminate\\Http\\Middleware\\TrustProxies.php(39): Illuminate\\Pipeline\\Pipeline->Illuminate\\Pipeline\\{closure}(Object(Illuminate\\Http\\Request))
#43 C:\\xampp\\htdocs\\SI4401_KELOMPOK222_SMAN13PANGKEP\\SMAN13PANKEP_KELOMPOK222\\vendor\\laravel\\framework\\src\\Illuminate\\Pipeline\\Pipeline.php(180): Illuminate\\Http\\Middleware\\TrustProxies->handle(Object(Illuminate\\Http\\Request), Object(Closure))
#44 C:\\xampp\\htdocs\\SI4401_KELOMPOK222_SMAN13PANGKEP\\SMAN13PANKEP_KELOMPOK222\\vendor\\laravel\\framework\\src\\Illuminate\\Pipeline\\Pipeline.php(116): Illuminate\\Pipeline\\Pipeline->Illuminate\\Pipeline\\{closure}(Object(Illuminate\\Http\\Request))
#45 C:\\xampp\\htdocs\\SI4401_KELOMPOK222_SMAN13PANGKEP\\SMAN13PANKEP_KELOMPOK222\\vendor\\laravel\\framework\\src\\Illuminate\\Foundation\\Http\\Kernel.php(175): Illuminate\\Pipeline\\Pipeline->then(Object(Closure))
#46 C:\\xampp\\htdocs\\SI4401_KELOMPOK222_SMAN13PANGKEP\\SMAN13PANKEP_KELOMPOK222\\vendor\\laravel\\framework\\src\\Illuminate\\Foundation\\Http\\Kernel.php(144): Illuminate\\Foundation\\Http\\Kernel->sendRequestThroughRouter(Object(Illuminate\\Http\\Request))
#47 C:\\xampp\\htdocs\\SI4401_KELOMPOK222_SMAN13PANGKEP\\SMAN13PANKEP_KELOMPOK222\\public\\index.php(52): Illuminate\\Foundation\\Http\\Kernel->handle(Object(Illuminate\\Http\\Request))
#48 C:\\xampp\\htdocs\\SI4401_KELOMPOK222_SMAN13PANGKEP\\SMAN13PANKEP_KELOMPOK222\\vendor\\laravel\\framework\\src\\Illuminate\\Foundation\\resources\\server.php(16): require_once('C:\\\\xampp\\\\htdocs...')
#49 {main}
"} 
[2023-05-01 20:13:27] local.ERROR: SQLSTATE[HY000] [2002] No connection could be made because the target machine actively refused it (Connection: mysql, SQL: select * from `users` where `email` = NurAini@gmail.com and `role` = guru limit 1) {"exception":"[object] (Illuminate\\Database\\QueryException(code: 2002): SQLSTATE[HY000] [2002] No connection could be made because the target machine actively refused it (Connection: mysql, SQL: select * from `users` where `email` = NurAini@gmail.com and `role` = guru limit 1) at C:\\xampp\\htdocs\\SI4401_KELOMPOK222_SMAN13PANGKEP\\SMAN13PANKEP_KELOMPOK222\\vendor\\laravel\\framework\\src\\Illuminate\\Database\\Connection.php:760)
[stacktrace]
#0 C:\\xampp\\htdocs\\SI4401_KELOMPOK222_SMAN13PANGKEP\\SMAN13PANKEP_KELOMPOK222\\vendor\\laravel\\framework\\src\\Illuminate\\Database\\Connection.php(720): Illuminate\\Database\\Connection->runQueryCallback('select * from `...', Array, Object(Closure))
#1 C:\\xampp\\htdocs\\SI4401_KELOMPOK222_SMAN13PANGKEP\\SMAN13PANKEP_KELOMPOK222\\vendor\\laravel\\framework\\src\\Illuminate\\Database\\Connection.php(422): Illuminate\\Database\\Connection->run('select * from `...', Array, Object(Closure))
#2 C:\\xampp\\htdocs\\SI4401_KELOMPOK222_SMAN13PANGKEP\\SMAN13PANKEP_KELOMPOK222\\vendor\\laravel\\framework\\src\\Illuminate\\Database\\Query\\Builder.php(2719): Illuminate\\Database\\Connection->select('select * from `...', Array, true)
#3 C:\\xampp\\htdocs\\SI4401_KELOMPOK222_SMAN13PANGKEP\\SMAN13PANKEP_KELOMPOK222\\vendor\\laravel\\framework\\src\\Illuminate\\Database\\Query\\Builder.php(2707): Illuminate\\Database\\Query\\Builder->runSelect()
#4 C:\\xampp\\htdocs\\SI4401_KELOMPOK222_SMAN13PANGKEP\\SMAN13PANKEP_KELOMPOK222\\vendor\\laravel\\framework\\src\\Illuminate\\Database\\Query\\Builder.php(3247): Illuminate\\Database\\Query\\Builder->Illuminate\\Database\\Query\\{closure}()
#5 C:\\xampp\\htdocs\\SI4401_KELOMPOK222_SMAN13PANGKEP\\SMAN13PANKEP_KELOMPOK222\\vendor\\laravel\\framework\\src\\Illuminate\\Database\\Query\\Builder.php(2708): Illuminate\\Database\\Query\\Builder->onceWithColumns(Array, Object(Closure))
#6 C:\\xampp\\htdocs\\SI4401_KELOMPOK222_SMAN13PANGKEP\\SMAN13PANKEP_KELOMPOK222\\vendor\\laravel\\framework\\src\\Illuminate\\Database\\Eloquent\\Builder.php(717): Illuminate\\Database\\Query\\Builder->get(Array)
#7 C:\\xampp\\htdocs\\SI4401_KELOMPOK222_SMAN13PANGKEP\\SMAN13PANKEP_KELOMPOK222\\vendor\\laravel\\framework\\src\\Illuminate\\Database\\Eloquent\\Builder.php(701): Illuminate\\Database\\Eloquent\\Builder->getModels(Array)
#8 C:\\xampp\\htdocs\\SI4401_KELOMPOK222_SMAN13PANGKEP\\SMAN13PANKEP_KELOMPOK222\\vendor\\laravel\\framework\\src\\Illuminate\\Database\\Concerns\\BuildsQueries.php(296): Illuminate\\Database\\Eloquent\\Builder->get(Array)
#9 C:\\xampp\\htdocs\\SI4401_KELOMPOK222_SMAN13PANGKEP\\SMAN13PANKEP_KELOMPOK222\\vendor\\laravel\\framework\\src\\Illuminate\\Auth\\EloquentUserProvider.php(139): Illuminate\\Database\\Eloquent\\Builder->first()
#10 C:\\xampp\\htdocs\\SI4401_KELOMPOK222_SMAN13PANGKEP\\SMAN13PANKEP_KELOMPOK222\\vendor\\laravel\\framework\\src\\Illuminate\\Auth\\SessionGuard.php(381): Illuminate\\Auth\\EloquentUserProvider->retrieveByCredentials(Array)
#11 C:\\xampp\\htdocs\\SI4401_KELOMPOK222_SMAN13PANGKEP\\SMAN13PANKEP_KELOMPOK222\\vendor\\laravel\\framework\\src\\Illuminate\\Auth\\AuthManager.php(340): Illuminate\\Auth\\SessionGuard->attempt(Array)
#12 C:\\xampp\\htdocs\\SI4401_KELOMPOK222_SMAN13PANGKEP\\SMAN13PANKEP_KELOMPOK222\\vendor\\laravel\\framework\\src\\Illuminate\\Support\\Facades\\Facade.php(353): Illuminate\\Auth\\AuthManager->__call('attempt', Array)
#13 C:\\xampp\\htdocs\\SI4401_KELOMPOK222_SMAN13PANGKEP\\SMAN13PANKEP_KELOMPOK222\\app\\Http\\Controllers\\AuthController.php(82): Illuminate\\Support\\Facades\\Facade::__callStatic('attempt', Array)
#14 C:\\xampp\\htdocs\\SI4401_KELOMPOK222_SMAN13PANGKEP\\SMAN13PANKEP_KELOMPOK222\\vendor\\laravel\\framework\\src\\Illuminate\\Routing\\Controller.php(54): App\\Http\\Controllers\\AuthController->proses_login()
#15 C:\\xampp\\htdocs\\SI4401_KELOMPOK222_SMAN13PANGKEP\\SMAN13PANKEP_KELOMPOK222\\vendor\\laravel\\framework\\src\\Illuminate\\Routing\\ControllerDispatcher.php(43): Illuminate\\Routing\\Controller->callAction('proses_login', Array)
#16 C:\\xampp\\htdocs\\SI4401_KELOMPOK222_SMAN13PANGKEP\\SMAN13PANKEP_KELOMPOK222\\vendor\\laravel\\framework\\src\\Illuminate\\Routing\\Route.php(260): Illuminate\\Routing\\ControllerDispatcher->dispatch(Object(Illuminate\\Routing\\Route), Object(App\\Http\\Controllers\\AuthController), 'proses_login')
#17 C:\\xampp\\htdocs\\SI4401_KELOMPOK222_SMAN13PANGKEP\\SMAN13PANKEP_KELOMPOK222\\vendor\\laravel\\framework\\src\\Illuminate\\Routing\\Route.php(205): Illuminate\\Routing\\Route->runController()
#18 C:\\xampp\\htdocs\\SI4401_KELOMPOK222_SMAN13PANGKEP\\SMAN13PANKEP_KELOMPOK222\\vendor\\laravel\\framework\\src\\Illuminate\\Routing\\Router.php(798): Illuminate\\Routing\\Route->run()
#19 C:\\xampp\\htdocs\\SI4401_KELOMPOK222_SMAN13PANGKEP\\SMAN13PANKEP_KELOMPOK222\\vendor\\laravel\\framework\\src\\Illuminate\\Pipeline\\Pipeline.php(141): Illuminate\\Routing\\Router->Illuminate\\Routing\\{closure}(Object(Illuminate\\Http\\Request))
#20 C:\\xampp\\htdocs\\SI4401_KELOMPOK222_SMAN13PANGKEP\\SMAN13PANKEP_KELOMPOK222\\vendor\\laravel\\framework\\src\\Illuminate\\Routing\\Middleware\\SubstituteBindings.php(50): Illuminate\\Pipeline\\Pipeline->Illuminate\\Pipeline\\{closure}(Object(Illuminate\\Http\\Request))
#21 C:\\xampp\\htdocs\\SI4401_KELOMPOK222_SMAN13PANGKEP\\SMAN13PANKEP_KELOMPOK222\\vendor\\laravel\\framework\\src\\Illuminate\\Pipeline\\Pipeline.php(180): Illuminate\\Routing\\Middleware\\SubstituteBindings->handle(Object(Illuminate\\Http\\Request), Object(Closure))
#22 C:\\xampp\\htdocs\\SI4401_KELOMPOK222_SMAN13PANGKEP\\SMAN13PANKEP_KELOMPOK222\\vendor\\laravel\\framework\\src\\Illuminate\\Foundation\\Http\\Middleware\\VerifyCsrfToken.php(78): Illuminate\\Pipeline\\Pipeline->Illuminate\\Pipeline\\{closure}(Object(Illuminate\\Http\\Request))
#23 C:\\xampp\\htdocs\\SI4401_KELOMPOK222_SMAN13PANGKEP\\SMAN13PANKEP_KELOMPOK222\\vendor\\laravel\\framework\\src\\Illuminate\\Pipeline\\Pipeline.php(180): Illuminate\\Foundation\\Http\\Middleware\\VerifyCsrfToken->handle(Object(Illuminate\\Http\\Request), Object(Closure))
#24 C:\\xampp\\htdocs\\SI4401_KELOMPOK222_SMAN13PANGKEP\\SMAN13PANKEP_KELOMPOK222\\vendor\\laravel\\framework\\src\\Illuminate\\View\\Middleware\\ShareErrorsFromSession.php(49): Illuminate\\Pipeline\\Pipeline->Illuminate\\Pipeline\\{closure}(Object(Illuminate\\Http\\Request))
#25 C:\\xampp\\htdocs\\SI4401_KELOMPOK222_SMAN13PANGKEP\\SMAN13PANKEP_KELOMPOK222\\vendor\\laravel\\framework\\src\\Illuminate\\Pipeline\\Pipeline.php(180): Illuminate\\View\\Middleware\\ShareErrorsFromSession->handle(Object(Illuminate\\Http\\Request), Object(Closure))
#26 C:\\xampp\\htdocs\\SI4401_KELOMPOK222_SMAN13PANGKEP\\SMAN13PANKEP_KELOMPOK222\\vendor\\laravel\\framework\\src\\Illuminate\\Session\\Middleware\\StartSession.php(121): Illuminate\\Pipeline\\Pipeline->Illuminate\\Pipeline\\{closure}(Object(Illuminate\\Http\\Request))
#27 C:\\xampp\\htdocs\\SI4401_KELOMPOK222_SMAN13PANGKEP\\SMAN13PANKEP_KELOMPOK222\\vendor\\laravel\\framework\\src\\Illuminate\\Session\\Middleware\\StartSession.php(64): Illuminate\\Session\\Middleware\\StartSession->handleStatefulRequest(Object(Illuminate\\Http\\Request), Object(Illuminate\\Session\\Store), Object(Closure))
#28 C:\\xampp\\htdocs\\SI4401_KELOMPOK222_SMAN13PANGKEP\\SMAN13PANKEP_KELOMPOK222\\vendor\\laravel\\framework\\src\\Illuminate\\Pipeline\\Pipeline.php(180): Illuminate\\Session\\Middleware\\StartSession->handle(Object(Illuminate\\Http\\Request), Object(Closure))
#29 C:\\xampp\\htdocs\\SI4401_KELOMPOK222_SMAN13PANGKEP\\SMAN13PANKEP_KELOMPOK222\\vendor\\laravel\\framework\\src\\Illuminate\\Cookie\\Middleware\\AddQueuedCookiesToResponse.php(37): Illuminate\\Pipeline\\Pipeline->Illuminate\\Pipeline\\{closure}(Object(Illuminate\\Http\\Request))
#30 C:\\xampp\\htdocs\\SI4401_KELOMPOK222_SMAN13PANGKEP\\SMAN13PANKEP_KELOMPOK222\\vendor\\laravel\\framework\\src\\Illuminate\\Pipeline\\Pipeline.php(180): Illuminate\\Cookie\\Middleware\\AddQueuedCookiesToResponse->handle(Object(Illuminate\\Http\\Request), Object(Closure))
#31 C:\\xampp\\htdocs\\SI4401_KELOMPOK222_SMAN13PANGKEP\\SMAN13PANKEP_KELOMPOK222\\vendor\\laravel\\framework\\src\\Illuminate\\Cookie\\Middleware\\EncryptCookies.php(67): Illuminate\\Pipeline\\Pipeline->Illuminate\\Pipeline\\{closure}(Object(Illuminate\\Http\\Request))
#32 C:\\xampp\\htdocs\\SI4401_KELOMPOK222_SMAN13PANGKEP\\SMAN13PANKEP_KELOMPOK222\\vendor\\laravel\\framework\\src\\Illuminate\\Pipeline\\Pipeline.php(180): Illuminate\\Cookie\\Middleware\\EncryptCookies->handle(Object(Illuminate\\Http\\Request), Object(Closure))
#33 C:\\xampp\\htdocs\\SI4401_KELOMPOK222_SMAN13PANGKEP\\SMAN13PANKEP_KELOMPOK222\\vendor\\laravel\\framework\\src\\Illuminate\\Pipeline\\Pipeline.php(116): Illuminate\\Pipeline\\Pipeline->Illuminate\\Pipeline\\{closure}(Object(Illuminate\\Http\\Request))
#34 C:\\xampp\\htdocs\\SI4401_KELOMPOK222_SMAN13PANGKEP\\SMAN13PANKEP_KELOMPOK222\\vendor\\laravel\\framework\\src\\Illuminate\\Routing\\Router.php(799): Illuminate\\Pipeline\\Pipeline->then(Object(Closure))
#35 C:\\xampp\\htdocs\\SI4401_KELOMPOK222_SMAN13PANGKEP\\SMAN13PANKEP_KELOMPOK222\\vendor\\laravel\\framework\\src\\Illuminate\\Routing\\Router.php(776): Illuminate\\Routing\\Router->runRouteWithinStack(Object(Illuminate\\Routing\\Route), Object(Illuminate\\Http\\Request))
#36 C:\\xampp\\htdocs\\SI4401_KELOMPOK222_SMAN13PANGKEP\\SMAN13PANKEP_KELOMPOK222\\vendor\\laravel\\framework\\src\\Illuminate\\Routing\\Router.php(740): Illuminate\\Routing\\Router->runRoute(Object(Illuminate\\Http\\Request), Object(Illuminate\\Routing\\Route))
#37 C:\\xampp\\htdocs\\SI4401_KELOMPOK222_SMAN13PANGKEP\\SMAN13PANKEP_KELOMPOK222\\vendor\\laravel\\framework\\src\\Illuminate\\Routing\\Router.php(729): Illuminate\\Routing\\Router->dispatchToRoute(Object(Illuminate\\Http\\Request))
#38 C:\\xampp\\htdocs\\SI4401_KELOMPOK222_SMAN13PANGKEP\\SMAN13PANKEP_KELOMPOK222\\vendor\\laravel\\framework\\src\\Illuminate\\Foundation\\Http\\Kernel.php(200): Illuminate\\Routing\\Router->dispatch(Object(Illuminate\\Http\\Request))
#39 C:\\xampp\\htdocs\\SI4401_KELOMPOK222_SMAN13PANGKEP\\SMAN13PANKEP_KELOMPOK222\\vendor\\laravel\\framework\\src\\Illuminate\\Pipeline\\Pipeline.php(141): Illuminate\\Foundation\\Http\\Kernel->Illuminate\\Foundation\\Http\\{closure}(Object(Illuminate\\Http\\Request))
#40 C:\\xampp\\htdocs\\SI4401_KELOMPOK222_SMAN13PANGKEP\\SMAN13PANKEP_KELOMPOK222\\vendor\\laravel\\framework\\src\\Illuminate\\Foundation\\Http\\Middleware\\TransformsRequest.php(21): Illuminate\\Pipeline\\Pipeline->Illuminate\\Pipeline\\{closure}(Object(Illuminate\\Http\\Request))
#41 C:\\xampp\\htdocs\\SI4401_KELOMPOK222_SMAN13PANGKEP\\SMAN13PANKEP_KELOMPOK222\\vendor\\laravel\\framework\\src\\Illuminate\\Foundation\\Http\\Middleware\\ConvertEmptyStringsToNull.php(31): Illuminate\\Foundation\\Http\\Middleware\\TransformsRequest->handle(Object(Illuminate\\Http\\Request), Object(Closure))
#42 C:\\xampp\\htdocs\\SI4401_KELOMPOK222_SMAN13PANGKEP\\SMAN13PANKEP_KELOMPOK222\\vendor\\laravel\\framework\\src\\Illuminate\\Pipeline\\Pipeline.php(180): Illuminate\\Foundation\\Http\\Middleware\\ConvertEmptyStringsToNull->handle(Object(Illuminate\\Http\\Request), Object(Closure))
#43 C:\\xampp\\htdocs\\SI4401_KELOMPOK222_SMAN13PANGKEP\\SMAN13PANKEP_KELOMPOK222\\vendor\\laravel\\framework\\src\\Illuminate\\Foundation\\Http\\Middleware\\TransformsRequest.php(21): Illuminate\\Pipeline\\Pipeline->Illuminate\\Pipeline\\{closure}(Object(Illuminate\\Http\\Request))
#44 C:\\xampp\\htdocs\\SI4401_KELOMPOK222_SMAN13PANGKEP\\SMAN13PANKEP_KELOMPOK222\\vendor\\laravel\\framework\\src\\Illuminate\\Foundation\\Http\\Middleware\\TrimStrings.php(40): Illuminate\\Foundation\\Http\\Middleware\\TransformsRequest->handle(Object(Illuminate\\Http\\Request), Object(Closure))
#45 C:\\xampp\\htdocs\\SI4401_KELOMPOK222_SMAN13PANGKEP\\SMAN13PANKEP_KELOMPOK222\\vendor\\laravel\\framework\\src\\Illuminate\\Pipeline\\Pipeline.php(180): Illuminate\\Foundation\\Http\\Middleware\\TrimStrings->handle(Object(Illuminate\\Http\\Request), Object(Closure))
#46 C:\\xampp\\htdocs\\SI4401_KELOMPOK222_SMAN13PANGKEP\\SMAN13PANKEP_KELOMPOK222\\vendor\\laravel\\framework\\src\\Illuminate\\Foundation\\Http\\Middleware\\ValidatePostSize.php(27): Illuminate\\Pipeline\\Pipeline->Illuminate\\Pipeline\\{closure}(Object(Illuminate\\Http\\Request))
#47 C:\\xampp\\htdocs\\SI4401_KELOMPOK222_SMAN13PANGKEP\\SMAN13PANKEP_KELOMPOK222\\vendor\\laravel\\framework\\src\\Illuminate\\Pipeline\\Pipeline.php(180): Illuminate\\Foundation\\Http\\Middleware\\ValidatePostSize->handle(Object(Illuminate\\Http\\Request), Object(Closure))
#48 C:\\xampp\\htdocs\\SI4401_KELOMPOK222_SMAN13PANGKEP\\SMAN13PANKEP_KELOMPOK222\\vendor\\laravel\\framework\\src\\Illuminate\\Foundation\\Http\\Middleware\\PreventRequestsDuringMaintenance.php(86): Illuminate\\Pipeline\\Pipeline->Illuminate\\Pipeline\\{closure}(Object(Illuminate\\Http\\Request))
#49 C:\\xampp\\htdocs\\SI4401_KELOMPOK222_SMAN13PANGKEP\\SMAN13PANKEP_KELOMPOK222\\vendor\\laravel\\framework\\src\\Illuminate\\Pipeline\\Pipeline.php(180): Illuminate\\Foundation\\Http\\Middleware\\PreventRequestsDuringMaintenance->handle(Object(Illuminate\\Http\\Request), Object(Closure))
#50 C:\\xampp\\htdocs\\SI4401_KELOMPOK222_SMAN13PANGKEP\\SMAN13PANKEP_KELOMPOK222\\vendor\\laravel\\framework\\src\\Illuminate\\Http\\Middleware\\HandleCors.php(49): Illuminate\\Pipeline\\Pipeline->Illuminate\\Pipeline\\{closure}(Object(Illuminate\\Http\\Request))
#51 C:\\xampp\\htdocs\\SI4401_KELOMPOK222_SMAN13PANGKEP\\SMAN13PANKEP_KELOMPOK222\\vendor\\laravel\\framework\\src\\Illuminate\\Pipeline\\Pipeline.php(180): Illuminate\\Http\\Middleware\\HandleCors->handle(Object(Illuminate\\Http\\Request), Object(Closure))
#52 C:\\xampp\\htdocs\\SI4401_KELOMPOK222_SMAN13PANGKEP\\SMAN13PANKEP_KELOMPOK222\\vendor\\laravel\\framework\\src\\Illuminate\\Http\\Middleware\\TrustProxies.php(39): Illuminate\\Pipeline\\Pipeline->Illuminate\\Pipeline\\{closure}(Object(Illuminate\\Http\\Request))
#53 C:\\xampp\\htdocs\\SI4401_KELOMPOK222_SMAN13PANGKEP\\SMAN13PANKEP_KELOMPOK222\\vendor\\laravel\\framework\\src\\Illuminate\\Pipeline\\Pipeline.php(180): Illuminate\\Http\\Middleware\\TrustProxies->handle(Object(Illuminate\\Http\\Request), Object(Closure))
#54 C:\\xampp\\htdocs\\SI4401_KELOMPOK222_SMAN13PANGKEP\\SMAN13PANKEP_KELOMPOK222\\vendor\\laravel\\framework\\src\\Illuminate\\Pipeline\\Pipeline.php(116): Illuminate\\Pipeline\\Pipeline->Illuminate\\Pipeline\\{closure}(Object(Illuminate\\Http\\Request))
#55 C:\\xampp\\htdocs\\SI4401_KELOMPOK222_SMAN13PANGKEP\\SMAN13PANKEP_KELOMPOK222\\vendor\\laravel\\framework\\src\\Illuminate\\Foundation\\Http\\Kernel.php(175): Illuminate\\Pipeline\\Pipeline->then(Object(Closure))
#56 C:\\xampp\\htdocs\\SI4401_KELOMPOK222_SMAN13PANGKEP\\SMAN13PANKEP_KELOMPOK222\\vendor\\laravel\\framework\\src\\Illuminate\\Foundation\\Http\\Kernel.php(144): Illuminate\\Foundation\\Http\\Kernel->sendRequestThroughRouter(Object(Illuminate\\Http\\Request))
#57 C:\\xampp\\htdocs\\SI4401_KELOMPOK222_SMAN13PANGKEP\\SMAN13PANKEP_KELOMPOK222\\public\\index.php(52): Illuminate\\Foundation\\Http\\Kernel->handle(Object(Illuminate\\Http\\Request))
#58 C:\\xampp\\htdocs\\SI4401_KELOMPOK222_SMAN13PANGKEP\\SMAN13PANKEP_KELOMPOK222\\vendor\\laravel\\framework\\src\\Illuminate\\Foundation\\resources\\server.php(16): require_once('C:\\\\xampp\\\\htdocs...')
#59 {main}

[previous exception] [object] (PDOException(code: 2002): SQLSTATE[HY000] [2002] No connection could be made because the target machine actively refused it at C:\\xampp\\htdocs\\SI4401_KELOMPOK222_SMAN13PANGKEP\\SMAN13PANKEP_KELOMPOK222\\vendor\\laravel\\framework\\src\\Illuminate\\Database\\Connectors\\Connector.php:65)
[stacktrace]
#0 C:\\xampp\\htdocs\\SI4401_KELOMPOK222_SMAN13PANGKEP\\SMAN13PANKEP_KELOMPOK222\\vendor\\laravel\\framework\\src\\Illuminate\\Database\\Connectors\\Connector.php(65): PDO->__construct('mysql:host=127....', 'root', '', Array)
#1 C:\\xampp\\htdocs\\SI4401_KELOMPOK222_SMAN13PANGKEP\\SMAN13PANKEP_KELOMPOK222\\vendor\\laravel\\framework\\src\\Illuminate\\Database\\Connectors\\Connector.php(45): Illuminate\\Database\\Connectors\\Connector->createPdoConnection('mysql:host=127....', 'root', '', Array)
#2 C:\\xampp\\htdocs\\SI4401_KELOMPOK222_SMAN13PANGKEP\\SMAN13PANKEP_KELOMPOK222\\vendor\\laravel\\framework\\src\\Illuminate\\Database\\Connectors\\MySqlConnector.php(24): Illuminate\\Database\\Connectors\\Connector->createConnection('mysql:host=127....', Array, Array)
#3 C:\\xampp\\htdocs\\SI4401_KELOMPOK222_SMAN13PANGKEP\\SMAN13PANKEP_KELOMPOK222\\vendor\\laravel\\framework\\src\\Illuminate\\Database\\Connectors\\ConnectionFactory.php(184): Illuminate\\Database\\Connectors\\MySqlConnector->connect(Array)
#4 [internal function]: Illuminate\\Database\\Connectors\\ConnectionFactory->Illuminate\\Database\\Connectors\\{closure}()
#5 C:\\xampp\\htdocs\\SI4401_KELOMPOK222_SMAN13PANGKEP\\SMAN13PANKEP_KELOMPOK222\\vendor\\laravel\\framework\\src\\Illuminate\\Database\\Connection.php(1177): call_user_func(Object(Closure))
#6 C:\\xampp\\htdocs\\SI4401_KELOMPOK222_SMAN13PANGKEP\\SMAN13PANKEP_KELOMPOK222\\vendor\\laravel\\framework\\src\\Illuminate\\Database\\Connection.php(1213): Illuminate\\Database\\Connection->getPdo()
#7 C:\\xampp\\htdocs\\SI4401_KELOMPOK222_SMAN13PANGKEP\\SMAN13PANKEP_KELOMPOK222\\vendor\\laravel\\framework\\src\\Illuminate\\Database\\Connection.php(486): Illuminate\\Database\\Connection->getReadPdo()
#8 C:\\xampp\\htdocs\\SI4401_KELOMPOK222_SMAN13PANGKEP\\SMAN13PANKEP_KELOMPOK222\\vendor\\laravel\\framework\\src\\Illuminate\\Database\\Connection.php(414): Illuminate\\Database\\Connection->getPdoForSelect(true)
#9 C:\\xampp\\htdocs\\SI4401_KELOMPOK222_SMAN13PANGKEP\\SMAN13PANKEP_KELOMPOK222\\vendor\\laravel\\framework\\src\\Illuminate\\Database\\Connection.php(753): Illuminate\\Database\\Connection->Illuminate\\Database\\{closure}('select * from `...', Array)
#10 C:\\xampp\\htdocs\\SI4401_KELOMPOK222_SMAN13PANGKEP\\SMAN13PANKEP_KELOMPOK222\\vendor\\laravel\\framework\\src\\Illuminate\\Database\\Connection.php(720): Illuminate\\Database\\Connection->runQueryCallback('select * from `...', Array, Object(Closure))
#11 C:\\xampp\\htdocs\\SI4401_KELOMPOK222_SMAN13PANGKEP\\SMAN13PANKEP_KELOMPOK222\\vendor\\laravel\\framework\\src\\Illuminate\\Database\\Connection.php(422): Illuminate\\Database\\Connection->run('select * from `...', Array, Object(Closure))
#12 C:\\xampp\\htdocs\\SI4401_KELOMPOK222_SMAN13PANGKEP\\SMAN13PANKEP_KELOMPOK222\\vendor\\laravel\\framework\\src\\Illuminate\\Database\\Query\\Builder.php(2719): Illuminate\\Database\\Connection->select('select * from `...', Array, true)
#13 C:\\xampp\\htdocs\\SI4401_KELOMPOK222_SMAN13PANGKEP\\SMAN13PANKEP_KELOMPOK222\\vendor\\laravel\\framework\\src\\Illuminate\\Database\\Query\\Builder.php(2707): Illuminate\\Database\\Query\\Builder->runSelect()
#14 C:\\xampp\\htdocs\\SI4401_KELOMPOK222_SMAN13PANGKEP\\SMAN13PANKEP_KELOMPOK222\\vendor\\laravel\\framework\\src\\Illuminate\\Database\\Query\\Builder.php(3247): Illuminate\\Database\\Query\\Builder->Illuminate\\Database\\Query\\{closure}()
#15 C:\\xampp\\htdocs\\SI4401_KELOMPOK222_SMAN13PANGKEP\\SMAN13PANKEP_KELOMPOK222\\vendor\\laravel\\framework\\src\\Illuminate\\Database\\Query\\Builder.php(2708): Illuminate\\Database\\Query\\Builder->onceWithColumns(Array, Object(Closure))
#16 C:\\xampp\\htdocs\\SI4401_KELOMPOK222_SMAN13PANGKEP\\SMAN13PANKEP_KELOMPOK222\\vendor\\laravel\\framework\\src\\Illuminate\\Database\\Eloquent\\Builder.php(717): Illuminate\\Database\\Query\\Builder->get(Array)
#17 C:\\xampp\\htdocs\\SI4401_KELOMPOK222_SMAN13PANGKEP\\SMAN13PANKEP_KELOMPOK222\\vendor\\laravel\\framework\\src\\Illuminate\\Database\\Eloquent\\Builder.php(701): Illuminate\\Database\\Eloquent\\Builder->getModels(Array)
#18 C:\\xampp\\htdocs\\SI4401_KELOMPOK222_SMAN13PANGKEP\\SMAN13PANKEP_KELOMPOK222\\vendor\\laravel\\framework\\src\\Illuminate\\Database\\Concerns\\BuildsQueries.php(296): Illuminate\\Database\\Eloquent\\Builder->get(Array)
#19 C:\\xampp\\htdocs\\SI4401_KELOMPOK222_SMAN13PANGKEP\\SMAN13PANKEP_KELOMPOK222\\vendor\\laravel\\framework\\src\\Illuminate\\Auth\\EloquentUserProvider.php(139): Illuminate\\Database\\Eloquent\\Builder->first()
#20 C:\\xampp\\htdocs\\SI4401_KELOMPOK222_SMAN13PANGKEP\\SMAN13PANKEP_KELOMPOK222\\vendor\\laravel\\framework\\src\\Illuminate\\Auth\\SessionGuard.php(381): Illuminate\\Auth\\EloquentUserProvider->retrieveByCredentials(Array)
#21 C:\\xampp\\htdocs\\SI4401_KELOMPOK222_SMAN13PANGKEP\\SMAN13PANKEP_KELOMPOK222\\vendor\\laravel\\framework\\src\\Illuminate\\Auth\\AuthManager.php(340): Illuminate\\Auth\\SessionGuard->attempt(Array)
#22 C:\\xampp\\htdocs\\SI4401_KELOMPOK222_SMAN13PANGKEP\\SMAN13PANKEP_KELOMPOK222\\vendor\\laravel\\framework\\src\\Illuminate\\Support\\Facades\\Facade.php(353): Illuminate\\Auth\\AuthManager->__call('attempt', Array)
#23 C:\\xampp\\htdocs\\SI4401_KELOMPOK222_SMAN13PANGKEP\\SMAN13PANKEP_KELOMPOK222\\app\\Http\\Controllers\\AuthController.php(82): Illuminate\\Support\\Facades\\Facade::__callStatic('attempt', Array)
#24 C:\\xampp\\htdocs\\SI4401_KELOMPOK222_SMAN13PANGKEP\\SMAN13PANKEP_KELOMPOK222\\vendor\\laravel\\framework\\src\\Illuminate\\Routing\\Controller.php(54): App\\Http\\Controllers\\AuthController->proses_login()
#25 C:\\xampp\\htdocs\\SI4401_KELOMPOK222_SMAN13PANGKEP\\SMAN13PANKEP_KELOMPOK222\\vendor\\laravel\\framework\\src\\Illuminate\\Routing\\ControllerDispatcher.php(43): Illuminate\\Routing\\Controller->callAction('proses_login', Array)
#26 C:\\xampp\\htdocs\\SI4401_KELOMPOK222_SMAN13PANGKEP\\SMAN13PANKEP_KELOMPOK222\\vendor\\laravel\\framework\\src\\Illuminate\\Routing\\Route.php(260): Illuminate\\Routing\\ControllerDispatcher->dispatch(Object(Illuminate\\Routing\\Route), Object(App\\Http\\Controllers\\AuthController), 'proses_login')
#27 C:\\xampp\\htdocs\\SI4401_KELOMPOK222_SMAN13PANGKEP\\SMAN13PANKEP_KELOMPOK222\\vendor\\laravel\\framework\\src\\Illuminate\\Routing\\Route.php(205): Illuminate\\Routing\\Route->runController()
#28 C:\\xampp\\htdocs\\SI4401_KELOMPOK222_SMAN13PANGKEP\\SMAN13PANKEP_KELOMPOK222\\vendor\\laravel\\framework\\src\\Illuminate\\Routing\\Router.php(798): Illuminate\\Routing\\Route->run()
#29 C:\\xampp\\htdocs\\SI4401_KELOMPOK222_SMAN13PANGKEP\\SMAN13PANKEP_KELOMPOK222\\vendor\\laravel\\framework\\src\\Illuminate\\Pipeline\\Pipeline.php(141): Illuminate\\Routing\\Router->Illuminate\\Routing\\{closure}(Object(Illuminate\\Http\\Request))
#30 C:\\xampp\\htdocs\\SI4401_KELOMPOK222_SMAN13PANGKEP\\SMAN13PANKEP_KELOMPOK222\\vendor\\laravel\\framework\\src\\Illuminate\\Routing\\Middleware\\SubstituteBindings.php(50): Illuminate\\Pipeline\\Pipeline->Illuminate\\Pipeline\\{closure}(Object(Illuminate\\Http\\Request))
#31 C:\\xampp\\htdocs\\SI4401_KELOMPOK222_SMAN13PANGKEP\\SMAN13PANKEP_KELOMPOK222\\vendor\\laravel\\framework\\src\\Illuminate\\Pipeline\\Pipeline.php(180): Illuminate\\Routing\\Middleware\\SubstituteBindings->handle(Object(Illuminate\\Http\\Request), Object(Closure))
#32 C:\\xampp\\htdocs\\SI4401_KELOMPOK222_SMAN13PANGKEP\\SMAN13PANKEP_KELOMPOK222\\vendor\\laravel\\framework\\src\\Illuminate\\Foundation\\Http\\Middleware\\VerifyCsrfToken.php(78): Illuminate\\Pipeline\\Pipeline->Illuminate\\Pipeline\\{closure}(Object(Illuminate\\Http\\Request))
#33 C:\\xampp\\htdocs\\SI4401_KELOMPOK222_SMAN13PANGKEP\\SMAN13PANKEP_KELOMPOK222\\vendor\\laravel\\framework\\src\\Illuminate\\Pipeline\\Pipeline.php(180): Illuminate\\Foundation\\Http\\Middleware\\VerifyCsrfToken->handle(Object(Illuminate\\Http\\Request), Object(Closure))
#34 C:\\xampp\\htdocs\\SI4401_KELOMPOK222_SMAN13PANGKEP\\SMAN13PANKEP_KELOMPOK222\\vendor\\laravel\\framework\\src\\Illuminate\\View\\Middleware\\ShareErrorsFromSession.php(49): Illuminate\\Pipeline\\Pipeline->Illuminate\\Pipeline\\{closure}(Object(Illuminate\\Http\\Request))
#35 C:\\xampp\\htdocs\\SI4401_KELOMPOK222_SMAN13PANGKEP\\SMAN13PANKEP_KELOMPOK222\\vendor\\laravel\\framework\\src\\Illuminate\\Pipeline\\Pipeline.php(180): Illuminate\\View\\Middleware\\ShareErrorsFromSession->handle(Object(Illuminate\\Http\\Request), Object(Closure))
#36 C:\\xampp\\htdocs\\SI4401_KELOMPOK222_SMAN13PANGKEP\\SMAN13PANKEP_KELOMPOK222\\vendor\\laravel\\framework\\src\\Illuminate\\Session\\Middleware\\StartSession.php(121): Illuminate\\Pipeline\\Pipeline->Illuminate\\Pipeline\\{closure}(Object(Illuminate\\Http\\Request))
#37 C:\\xampp\\htdocs\\SI4401_KELOMPOK222_SMAN13PANGKEP\\SMAN13PANKEP_KELOMPOK222\\vendor\\laravel\\framework\\src\\Illuminate\\Session\\Middleware\\StartSession.php(64): Illuminate\\Session\\Middleware\\StartSession->handleStatefulRequest(Object(Illuminate\\Http\\Request), Object(Illuminate\\Session\\Store), Object(Closure))
#38 C:\\xampp\\htdocs\\SI4401_KELOMPOK222_SMAN13PANGKEP\\SMAN13PANKEP_KELOMPOK222\\vendor\\laravel\\framework\\src\\Illuminate\\Pipeline\\Pipeline.php(180): Illuminate\\Session\\Middleware\\StartSession->handle(Object(Illuminate\\Http\\Request), Object(Closure))
#39 C:\\xampp\\htdocs\\SI4401_KELOMPOK222_SMAN13PANGKEP\\SMAN13PANKEP_KELOMPOK222\\vendor\\laravel\\framework\\src\\Illuminate\\Cookie\\Middleware\\AddQueuedCookiesToResponse.php(37): Illuminate\\Pipeline\\Pipeline->Illuminate\\Pipeline\\{closure}(Object(Illuminate\\Http\\Request))
#40 C:\\xampp\\htdocs\\SI4401_KELOMPOK222_SMAN13PANGKEP\\SMAN13PANKEP_KELOMPOK222\\vendor\\laravel\\framework\\src\\Illuminate\\Pipeline\\Pipeline.php(180): Illuminate\\Cookie\\Middleware\\AddQueuedCookiesToResponse->handle(Object(Illuminate\\Http\\Request), Object(Closure))
#41 C:\\xampp\\htdocs\\SI4401_KELOMPOK222_SMAN13PANGKEP\\SMAN13PANKEP_KELOMPOK222\\vendor\\laravel\\framework\\src\\Illuminate\\Cookie\\Middleware\\EncryptCookies.php(67): Illuminate\\Pipeline\\Pipeline->Illuminate\\Pipeline\\{closure}(Object(Illuminate\\Http\\Request))
#42 C:\\xampp\\htdocs\\SI4401_KELOMPOK222_SMAN13PANGKEP\\SMAN13PANKEP_KELOMPOK222\\vendor\\laravel\\framework\\src\\Illuminate\\Pipeline\\Pipeline.php(180): Illuminate\\Cookie\\Middleware\\EncryptCookies->handle(Object(Illuminate\\Http\\Request), Object(Closure))
#43 C:\\xampp\\htdocs\\SI4401_KELOMPOK222_SMAN13PANGKEP\\SMAN13PANKEP_KELOMPOK222\\vendor\\laravel\\framework\\src\\Illuminate\\Pipeline\\Pipeline.php(116): Illuminate\\Pipeline\\Pipeline->Illuminate\\Pipeline\\{closure}(Object(Illuminate\\Http\\Request))
#44 C:\\xampp\\htdocs\\SI4401_KELOMPOK222_SMAN13PANGKEP\\SMAN13PANKEP_KELOMPOK222\\vendor\\laravel\\framework\\src\\Illuminate\\Routing\\Router.php(799): Illuminate\\Pipeline\\Pipeline->then(Object(Closure))
#45 C:\\xampp\\htdocs\\SI4401_KELOMPOK222_SMAN13PANGKEP\\SMAN13PANKEP_KELOMPOK222\\vendor\\laravel\\framework\\src\\Illuminate\\Routing\\Router.php(776): Illuminate\\Routing\\Router->runRouteWithinStack(Object(Illuminate\\Routing\\Route), Object(Illuminate\\Http\\Request))
#46 C:\\xampp\\htdocs\\SI4401_KELOMPOK222_SMAN13PANGKEP\\SMAN13PANKEP_KELOMPOK222\\vendor\\laravel\\framework\\src\\Illuminate\\Routing\\Router.php(740): Illuminate\\Routing\\Router->runRoute(Object(Illuminate\\Http\\Request), Object(Illuminate\\Routing\\Route))
#47 C:\\xampp\\htdocs\\SI4401_KELOMPOK222_SMAN13PANGKEP\\SMAN13PANKEP_KELOMPOK222\\vendor\\laravel\\framework\\src\\Illuminate\\Routing\\Router.php(729): Illuminate\\Routing\\Router->dispatchToRoute(Object(Illuminate\\Http\\Request))
#48 C:\\xampp\\htdocs\\SI4401_KELOMPOK222_SMAN13PANGKEP\\SMAN13PANKEP_KELOMPOK222\\vendor\\laravel\\framework\\src\\Illuminate\\Foundation\\Http\\Kernel.php(200): Illuminate\\Routing\\Router->dispatch(Object(Illuminate\\Http\\Request))
#49 C:\\xampp\\htdocs\\SI4401_KELOMPOK222_SMAN13PANGKEP\\SMAN13PANKEP_KELOMPOK222\\vendor\\laravel\\framework\\src\\Illuminate\\Pipeline\\Pipeline.php(141): Illuminate\\Foundation\\Http\\Kernel->Illuminate\\Foundation\\Http\\{closure}(Object(Illuminate\\Http\\Request))
#50 C:\\xampp\\htdocs\\SI4401_KELOMPOK222_SMAN13PANGKEP\\SMAN13PANKEP_KELOMPOK222\\vendor\\laravel\\framework\\src\\Illuminate\\Foundation\\Http\\Middleware\\TransformsRequest.php(21): Illuminate\\Pipeline\\Pipeline->Illuminate\\Pipeline\\{closure}(Object(Illuminate\\Http\\Request))
#51 C:\\xampp\\htdocs\\SI4401_KELOMPOK222_SMAN13PANGKEP\\SMAN13PANKEP_KELOMPOK222\\vendor\\laravel\\framework\\src\\Illuminate\\Foundation\\Http\\Middleware\\ConvertEmptyStringsToNull.php(31): Illuminate\\Foundation\\Http\\Middleware\\TransformsRequest->handle(Object(Illuminate\\Http\\Request), Object(Closure))
#52 C:\\xampp\\htdocs\\SI4401_KELOMPOK222_SMAN13PANGKEP\\SMAN13PANKEP_KELOMPOK222\\vendor\\laravel\\framework\\src\\Illuminate\\Pipeline\\Pipeline.php(180): Illuminate\\Foundation\\Http\\Middleware\\ConvertEmptyStringsToNull->handle(Object(Illuminate\\Http\\Request), Object(Closure))
#53 C:\\xampp\\htdocs\\SI4401_KELOMPOK222_SMAN13PANGKEP\\SMAN13PANKEP_KELOMPOK222\\vendor\\laravel\\framework\\src\\Illuminate\\Foundation\\Http\\Middleware\\TransformsRequest.php(21): Illuminate\\Pipeline\\Pipeline->Illuminate\\Pipeline\\{closure}(Object(Illuminate\\Http\\Request))
#54 C:\\xampp\\htdocs\\SI4401_KELOMPOK222_SMAN13PANGKEP\\SMAN13PANKEP_KELOMPOK222\\vendor\\laravel\\framework\\src\\Illuminate\\Foundation\\Http\\Middleware\\TrimStrings.php(40): Illuminate\\Foundation\\Http\\Middleware\\TransformsRequest->handle(Object(Illuminate\\Http\\Request), Object(Closure))
#55 C:\\xampp\\htdocs\\SI4401_KELOMPOK222_SMAN13PANGKEP\\SMAN13PANKEP_KELOMPOK222\\vendor\\laravel\\framework\\src\\Illuminate\\Pipeline\\Pipeline.php(180): Illuminate\\Foundation\\Http\\Middleware\\TrimStrings->handle(Object(Illuminate\\Http\\Request), Object(Closure))
#56 C:\\xampp\\htdocs\\SI4401_KELOMPOK222_SMAN13PANGKEP\\SMAN13PANKEP_KELOMPOK222\\vendor\\laravel\\framework\\src\\Illuminate\\Foundation\\Http\\Middleware\\ValidatePostSize.php(27): Illuminate\\Pipeline\\Pipeline->Illuminate\\Pipeline\\{closure}(Object(Illuminate\\Http\\Request))
#57 C:\\xampp\\htdocs\\SI4401_KELOMPOK222_SMAN13PANGKEP\\SMAN13PANKEP_KELOMPOK222\\vendor\\laravel\\framework\\src\\Illuminate\\Pipeline\\Pipeline.php(180): Illuminate\\Foundation\\Http\\Middleware\\ValidatePostSize->handle(Object(Illuminate\\Http\\Request), Object(Closure))
#58 C:\\xampp\\htdocs\\SI4401_KELOMPOK222_SMAN13PANGKEP\\SMAN13PANKEP_KELOMPOK222\\vendor\\laravel\\framework\\src\\Illuminate\\Foundation\\Http\\Middleware\\PreventRequestsDuringMaintenance.php(86): Illuminate\\Pipeline\\Pipeline->Illuminate\\Pipeline\\{closure}(Object(Illuminate\\Http\\Request))
#59 C:\\xampp\\htdocs\\SI4401_KELOMPOK222_SMAN13PANGKEP\\SMAN13PANKEP_KELOMPOK222\\vendor\\laravel\\framework\\src\\Illuminate\\Pipeline\\Pipeline.php(180): Illuminate\\Foundation\\Http\\Middleware\\PreventRequestsDuringMaintenance->handle(Object(Illuminate\\Http\\Request), Object(Closure))
#60 C:\\xampp\\htdocs\\SI4401_KELOMPOK222_SMAN13PANGKEP\\SMAN13PANKEP_KELOMPOK222\\vendor\\laravel\\framework\\src\\Illuminate\\Http\\Middleware\\HandleCors.php(49): Illuminate\\Pipeline\\Pipeline->Illuminate\\Pipeline\\{closure}(Object(Illuminate\\Http\\Request))
#61 C:\\xampp\\htdocs\\SI4401_KELOMPOK222_SMAN13PANGKEP\\SMAN13PANKEP_KELOMPOK222\\vendor\\laravel\\framework\\src\\Illuminate\\Pipeline\\Pipeline.php(180): Illuminate\\Http\\Middleware\\HandleCors->handle(Object(Illuminate\\Http\\Request), Object(Closure))
#62 C:\\xampp\\htdocs\\SI4401_KELOMPOK222_SMAN13PANGKEP\\SMAN13PANKEP_KELOMPOK222\\vendor\\laravel\\framework\\src\\Illuminate\\Http\\Middleware\\TrustProxies.php(39): Illuminate\\Pipeline\\Pipeline->Illuminate\\Pipeline\\{closure}(Object(Illuminate\\Http\\Request))
#63 C:\\xampp\\htdocs\\SI4401_KELOMPOK222_SMAN13PANGKEP\\SMAN13PANKEP_KELOMPOK222\\vendor\\laravel\\framework\\src\\Illuminate\\Pipeline\\Pipeline.php(180): Illuminate\\Http\\Middleware\\TrustProxies->handle(Object(Illuminate\\Http\\Request), Object(Closure))
#64 C:\\xampp\\htdocs\\SI4401_KELOMPOK222_SMAN13PANGKEP\\SMAN13PANKEP_KELOMPOK222\\vendor\\laravel\\framework\\src\\Illuminate\\Pipeline\\Pipeline.php(116): Illuminate\\Pipeline\\Pipeline->Illuminate\\Pipeline\\{closure}(Object(Illuminate\\Http\\Request))
#65 C:\\xampp\\htdocs\\SI4401_KELOMPOK222_SMAN13PANGKEP\\SMAN13PANKEP_KELOMPOK222\\vendor\\laravel\\framework\\src\\Illuminate\\Foundation\\Http\\Kernel.php(175): Illuminate\\Pipeline\\Pipeline->then(Object(Closure))
#66 C:\\xampp\\htdocs\\SI4401_KELOMPOK222_SMAN13PANGKEP\\SMAN13PANKEP_KELOMPOK222\\vendor\\laravel\\framework\\src\\Illuminate\\Foundation\\Http\\Kernel.php(144): Illuminate\\Foundation\\Http\\Kernel->sendRequestThroughRouter(Object(Illuminate\\Http\\Request))
#67 C:\\xampp\\htdocs\\SI4401_KELOMPOK222_SMAN13PANGKEP\\SMAN13PANKEP_KELOMPOK222\\public\\index.php(52): Illuminate\\Foundation\\Http\\Kernel->handle(Object(Illuminate\\Http\\Request))
#68 C:\\xampp\\htdocs\\SI4401_KELOMPOK222_SMAN13PANGKEP\\SMAN13PANKEP_KELOMPOK222\\vendor\\laravel\\framework\\src\\Illuminate\\Foundation\\resources\\server.php(16): require_once('C:\\\\xampp\\\\htdocs...')
#69 {main}
"} 
